<?xml version="1.0" encoding="UTF-8"?>
<!-- Generated by org.testng.reporters.JUnitReportReporter -->
<testsuite skipped="0" hostname="DESKTOP-DV6DB3R" name="gitTest.GitTest" tests="1" failures="0" timestamp="17 Aug 2020 05:30:50 GMT" time="50.653" errors="0">
  <testcase name="loginTest" time="50.653" classname="gitTest.GitTest"/>
</testsuite> <!-- gitTest.GitTest -->
