<?xml version="1.0" encoding="UTF-8"?>
<!-- Generated by org.testng.reporters.JUnitReportReporter -->
<testsuite skipped="0" hostname="DESKTOP-DV6DB3R" name="gitTest.GitTest" tests="1" failures="0" timestamp="20 Aug 2020 04:50:01 GMT" time="16.206" errors="0">
  <testcase name="loginTest" time="16.206" classname="gitTest.GitTest"/>
</testsuite> <!-- gitTest.GitTest -->
